<?xml version="1.0" encoding="UTF-8"?>
<!-- Generated by org.testng.reporters.JUnitXMLReporter -->
<testsuite ignored="0" hostname="DESKTOP-HJ8UUA1" failures="0" tests="4" name="Default test" time="47.85" errors="0" timestamp="2024-05-15T18:33:27 BDT">
  <testcase classname="test.Search_and_addToCart" name="search_product" time="27.457"/>
  <testcase classname="test.Search_and_addToCart" name="checkout" time="3.243"/>
  <testcase classname="test.Search_and_addToCart" name="signin" time="10.349"/>
  <testcase classname="test.Search_and_addToCart" name="placeOrder" time="6.77"/>
</testsuite> <!-- Default test -->
