<?xml version="1.0" encoding="UTF-8"?>
<testng-results ignored="0" total="4" passed="4" failed="0" skipped="0">
  <reporter-output>
  </reporter-output>
  <suite started-at="2024-05-15T18:32:39 BDT" name="Default suite" finished-at="2024-05-15T18:33:27 BDT" duration-ms="47850">
    <groups>
    </groups>
    <test started-at="2024-05-15T18:32:39 BDT" name="Default test" finished-at="2024-05-15T18:33:27 BDT" duration-ms="47850">
      <class name="test.Search_and_addToCart">
        <test-method is-config="true" signature="Capabilities()[pri:0, instance:test.Search_and_addToCart@76505305]" started-at="2024-05-15T18:32:33 BDT" name="Capabilities" finished-at="2024-05-15T18:32:39 BDT" duration-ms="6427" status="PASS">
          <reporter-output>
          </reporter-output>
        </test-method> <!-- Capabilities -->
        <test-method signature="search_product()[pri:1, instance:test.Search_and_addToCart@76505305]" started-at="2024-05-15T18:32:39 BDT" name="search_product" finished-at="2024-05-15T18:33:07 BDT" duration-ms="27457" status="PASS">
          <reporter-output>
          </reporter-output>
        </test-method> <!-- search_product -->
        <test-method signature="checkout()[pri:2, instance:test.Search_and_addToCart@76505305]" started-at="2024-05-15T18:33:07 BDT" name="checkout" finished-at="2024-05-15T18:33:10 BDT" duration-ms="3243" status="PASS">
          <reporter-output>
          </reporter-output>
        </test-method> <!-- checkout -->
        <test-method signature="signin()[pri:3, instance:test.Search_and_addToCart@76505305]" started-at="2024-05-15T18:33:10 BDT" name="signin" finished-at="2024-05-15T18:33:20 BDT" duration-ms="10349" status="PASS">
          <reporter-output>
          </reporter-output>
        </test-method> <!-- signin -->
        <test-method signature="placeOrder()[pri:4, instance:test.Search_and_addToCart@76505305]" started-at="2024-05-15T18:33:20 BDT" name="placeOrder" finished-at="2024-05-15T18:33:27 BDT" duration-ms="6770" status="PASS">
          <reporter-output>
          </reporter-output>
        </test-method> <!-- placeOrder -->
      </class> <!-- test.Search_and_addToCart -->
    </test> <!-- Default test -->
  </suite> <!-- Default suite -->
</testng-results>
